<?xml version="1.0" encoding="UTF-8"?>
<testsuite xmlns:xsi="http://www.w3.org/2001/XMLSchema-instance" xsi:noNamespaceSchemaLocation="https://maven.apache.org/surefire/maven-surefire-plugin/xsd/surefire-test-report.xsd" version="3.0.2" name="com.bo.personalwebsite.PersonalWebsiteApplicationTests" time="1.811" tests="1" errors="0" skipped="0" failures="0" flakes="0">
  <properties>
[...]
</properties>
  <testcase name="contextLoads" classname="com.bo.personalwebsite.PersonalWebsiteApplicationTests" time="0.361">
    <system-out><![CDATA[23:48:16.523 [main] INFO org.springframework.test.context.support.AnnotationConfigContextLoaderUtils -- Could not detect default configuration classes for test class [com.bo.personalwebsite.PersonalWebsiteApplicationTests]: PersonalWebsiteApplicationTests does not declare any static, non-private, non-final, nested classes annotated with @Configuration.
23:48:16.567 [main] INFO org.springframework.boot.test.context.SpringBootTestContextBootstrapper -- Found @SpringBootConfiguration com.bo.personalwebsite.PersonalWebsiteApplication for test class com.bo.personalwebsite.PersonalWebsiteApplicationTests

  .   ____          _            __ _ _
 /\\ / ___'_ __ _ _(_)_ __  __ _ \ \ \ \
( ( )\___ | '_ | '_| | '_ \/ _` | \ \ \ \
 \\/  ___)| |_)| | | | | || (_| |  ) ) ) )
  '  |____| .__|_| |_|_| |_\__, | / / / /
 =========|_|==============|___/=/_/_/_/

 :: Spring Boot ::               (v3.5.16)

2026-07-18T23:48:16.728+08:00  INFO 34002 --- [personal-website-backend] [           main] c.b.p.PersonalWebsiteApplicationTests    : Starting PersonalWebsiteApplicationTests using Java 24.0.1 with PID 34002 (started by bo in /Users/bo/Projects/Personal-Website/backend)
2026-07-18T23:48:16.728+08:00  INFO 34002 --- [personal-website-backend] [           main] c.b.p.PersonalWebsiteApplicationTests    : No active profile set, falling back to 1 default profile: "default"
2026-07-18T23:48:17.107+08:00  INFO 34002 --- [personal-website-backend] [           main] .s.d.r.c.RepositoryConfigurationDelegate : Multiple Spring Data modules found, entering strict repository configuration mode
2026-07-18T23:48:17.108+08:00  INFO 34002 --- [personal-website-backend] [           main] .s.d.r.c.RepositoryConfigurationDelegate : Bootstrapping Spring Data Redis repositories in DEFAULT mode.
2026-07-18T23:48:17.121+08:00  INFO 34002 --- [personal-website-backend] [           main] .s.d.r.c.RepositoryConfigurationDelegate : Finished Spring Data repository scanning in 6 ms. Found 0 Redis repository interfaces.
2026-07-18T23:48:17.208+08:00  WARN 34002 --- [personal-website-backend] [           main] trationDelegate$BeanPostProcessorChecker : Bean 'shiroConfig' of type [com.bo.personalwebsite.config.ShiroConfig$$SpringCGLIB$$0] is not eligible for getting processed by all BeanPostProcessors (for example: not eligible for auto-proxying). Is this bean getting eagerly injected/applied to a currently created BeanPostProcessor []? Check the corresponding BeanPostProcessor declaration and its dependencies/advisors. If this bean does not have to be post-processed, declare it with ROLE_INFRASTRUCTURE.
2026-07-18T23:48:17.245+08:00  WARN 34002 --- [personal-website-backend] [           main] trationDelegate$BeanPostProcessorChecker : Bean 'accountRealm' of type [com.bo.personalwebsite.security.AccountRealm] is not eligible for getting processed by all BeanPostProcessors (for example: not eligible for auto-proxying). Is this bean getting eagerly injected/applied to a currently created BeanPostProcessor []? Check the corresponding BeanPostProcessor declaration and its dependencies/advisors. If this bean does not have to be post-processed, declare it with ROLE_INFRASTRUCTURE.
2026-07-18T23:48:17.259+08:00  WARN 34002 --- [personal-website-backend] [           main] trationDelegate$BeanPostProcessorChecker : Bean 'securityManager' of type [org.apache.shiro.web.mgt.DefaultWebSecurityManager] is not eligible for getting processed by all BeanPostProcessors (for example: not eligible for auto-proxying). Is this bean getting eagerly injected/applied to a currently created BeanPostProcessor []? Check the corresponding BeanPostProcessor declaration and its dependencies/advisors. If this bean does not have to be post-processed, declare it with ROLE_INFRASTRUCTURE.
 _ _   |_  _ _|_. ___ _ |    _ 
| | |\/|_)(_| | |_\  |_)||_|_\ 
     /               |         
                        null 
2026-07-18T23:48:17.529+08:00  INFO 34002 --- [personal-website-backend] [           main] b.m.s.MybatisPlusApplicationContextAware : Register ApplicationContext instances org.springframework.web.context.support.GenericWebApplicationContext@5652f555
2026-07-18T23:48:17.785+08:00  INFO 34002 --- [personal-website-backend] [           main] o.s.b.a.e.web.EndpointLinksResolver      : Exposing 2 endpoints beneath base path '/actuator'
2026-07-18T23:48:17.884+08:00  INFO 34002 --- [personal-website-backend] [           main] c.b.p.PersonalWebsiteApplicationTests    : Started PersonalWebsiteApplicationTests in 1.274 seconds (process running for 1.609)
]]></system-out>
    <system-err><![CDATA[Mockito is currently self-attaching to enable the inline-mock-maker. This will no longer work in future releases of the JDK. Please add Mockito as an agent to your build as described in Mockito's documentation: https://javadoc.io/doc/org.mockito/mockito-core/latest/org.mockito/org/mockito/Mockito.html#0.3
WARNING: A Java agent has been loaded dynamically (/Users/bo/.m2/repository/net/bytebuddy/byte-buddy-agent/1.17.8/byte-buddy-agent-1.17.8.jar)
WARNING: If a serviceability tool is in use, please run with -XX:+EnableDynamicAgentLoading to hide this warning
WARNING: If a serviceability tool is not in use, please run with -Djdk.instrument.traceUsage for more information
WARNING: Dynamic loading of agents will be disallowed by default in a future release
]]></system-err>
  </testcase>
</testsuite>